May 12, 2020 9:13:31 PM assignment.server.StartGameThread run
INFO: ROUND 1 START
May 12, 2020 9:13:31 PM assignment.server.StartGameThread run
INFO: RANDOM NUMBER: 3
May 12, 2020 9:13:31 PM assignment.server.StartGameThread run
INFO: 3 PARTICIPANTS IN THIS ROUND:Kevin Mia Ted 
May 12, 2020 9:13:37 PM assignment.server.ClientGameHandler run
INFO: Ted GUESS 5
May 12, 2020 9:13:41 PM assignment.server.ClientGameHandler run
INFO: Ted GUESS 2
May 12, 2020 9:13:42 PM assignment.server.ClientGameHandler run
INFO: Ted GUESS 3
May 12, 2020 9:13:47 PM assignment.server.ClientGameHandler run
INFO: Kevin EXITED GAME
May 12, 2020 9:13:51 PM assignment.server.ClientGameHandler run
INFO: Mia GUESS 3
May 12, 2020 9:13:51 PM assignment.server.StartGameThread$2 run
INFO: ALL FINISHED GAME BEFORE TIMER
May 12, 2020 9:14:12 PM assignment.server.StartGameThread run
INFO: ROUND 1 FINISHED
May 12, 2020 9:14:14 PM assignment.server.StartGameThread run
INFO: ROUND 2 START
May 12, 2020 9:14:14 PM assignment.server.StartGameThread run
INFO: RANDOM NUMBER: 10
May 12, 2020 9:14:14 PM assignment.server.StartGameThread run
INFO: 3 PARTICIPANTS IN THIS ROUND:Mia Marcelo Xuan 
May 12, 2020 9:14:22 PM assignment.server.ClientGameHandler run
INFO: Marcelo GUESS 6
May 12, 2020 9:14:25 PM assignment.server.ClientGameHandler run
INFO: Marcelo GUESS 10
May 12, 2020 9:14:32 PM assignment.server.ClientGameHandler run
INFO: Xuan GUESS 3
May 12, 2020 9:14:32 PM assignment.server.ClientGameHandler run
INFO: Xuan GUESS 3
May 12, 2020 9:14:33 PM assignment.server.ClientGameHandler run
INFO: Xuan GUESS 3
May 12, 2020 9:14:34 PM assignment.server.ClientGameHandler run
INFO: Xuan GUESS 3
May 12, 2020 9:14:34 PM assignment.server.StartGameThread handleTimeoutResult
INFO: NOT FINISHED GAME BEFORE TIMER
May 12, 2020 9:14:56 PM assignment.server.StartGameThread run
INFO: ROUND 2 FINISHED
May 12, 2020 9:15:02 PM assignment.server.StartGameThread run
INFO: ROUND 3 START
May 12, 2020 9:15:02 PM assignment.server.StartGameThread run
INFO: RANDOM NUMBER: 4
May 12, 2020 9:15:02 PM assignment.server.StartGameThread run
INFO: 1 PARTICIPANTS IN THIS ROUND:Ted 
May 12, 2020 9:15:05 PM assignment.server.ClientGameHandler run
INFO: Ted GUESS 5
May 12, 2020 9:15:07 PM assignment.server.ClientGameHandler run
INFO: Ted GUESS 1
May 12, 2020 9:15:09 PM assignment.server.ClientGameHandler run
INFO: Ted GUESS 10
May 12, 2020 9:15:11 PM assignment.server.ClientGameHandler run
INFO: Ted GUESS 8
May 12, 2020 9:15:11 PM assignment.server.StartGameThread$2 run
INFO: ALL FINISHED GAME BEFORE TIMER
May 12, 2020 9:15:13 PM assignment.server.StartGameThread run
INFO: ROUND 3 FINISHED
